This file contains any messages produced by compilers while
running configure, to aid debugging if configure makes a mistake.

It was created by b64 configure 1.0, which was
generated by GNU Autoconf 2.69.  Invocation command line was

  $ ./configure 

## --------- ##
## Platform. ##
## --------- ##

hostname = centos7-mq1
uname -m = x86_64
uname -r = 3.10.0-1160.71.1.el7.x86_64
uname -s = Linux
uname -v = #1 SMP Tue Jun 28 15:37:28 UTC 2022

/usr/bin/uname -p = x86_64
/bin/uname -X     = unknown

/bin/arch              = x86_64
/usr/bin/arch -k       = unknown
/usr/convex/getsysinfo = unknown
/usr/bin/hostinfo      = unknown
/bin/machine           = unknown
/usr/bin/oslevel       = unknown
/bin/universe          = unknown

PATH: /usr/local/wxWidgets/bin
PATH: /home/ericksun/program/gitv2.9.5/libexec/
PATH: /home/ericksun/program/gitv2.9.5/bin
PATH: /home/ericksun/program/elixir/bin
PATH: /home/ericksun/program/otp-25.0.4/bin
PATH: /opt/emacs28/bin~/.emacs.d/bin/
PATH: /home/ericksun/program/rabbitmq-server/sbin
PATH: /usr/local/bin
PATH: /usr/bin
PATH: /usr/local/sbin
PATH: /usr/sbin
PATH: /home/ericksun/.local/bin
PATH: /home/ericksun/bin


## ----------- ##
## Core tests. ##
## ----------- ##

configure:2363: checking for a BSD-compatible install
configure:2431: result: /usr/bin/install -c
configure:2442: checking whether build environment is sane
configure:2497: result: yes
configure:2648: checking for a thread-safe mkdir -p
configure:2687: result: /usr/bin/mkdir -p
configure:2694: checking for gawk
configure:2710: found /usr/bin/gawk
configure:2721: result: gawk
configure:2732: checking whether make sets $(MAKE)
configure:2754: result: yes
configure:2783: checking whether make supports nested variables
configure:2800: result: yes
configure:2979: checking for gcc
configure:2995: found /usr/bin/gcc
configure:3006: result: gcc
configure:3235: checking for C compiler version
configure:3244: gcc --version >&5
gcc (GCC) 4.8.5 20150623 (Red Hat 4.8.5-44)
Copyright (C) 2015 Free Software Foundation, Inc.
This is free software; see the source for copying conditions.  There is NO
warranty; not even for MERCHANTABILITY or FITNESS FOR A PARTICULAR PURPOSE.

configure:3255: $? = 0
configure:3244: gcc -v >&5
Using built-in specs.
COLLECT_GCC=gcc
COLLECT_LTO_WRAPPER=/usr/libexec/gcc/x86_64-redhat-linux/4.8.5/lto-wrapper
Target: x86_64-redhat-linux
Configured with: ../configure --prefix=/usr --mandir=/usr/share/man --infodir=/usr/share/info --with-bugurl=http://bugzilla.redhat.com/bugzilla --enable-bootstrap --enable-shared --enable-threads=posix --enable-checking=release --with-system-zlib --enable-__cxa_atexit --disable-libunwind-exceptions --enable-gnu-unique-object --enable-linker-build-id --with-linker-hash-style=gnu --enable-languages=c,c++,objc,obj-c++,java,fortran,ada,go,lto --enable-plugin --enable-initfini-array --disable-libgcj --with-isl=/builddir/build/BUILD/gcc-4.8.5-20150702/obj-x86_64-redhat-linux/isl-install --with-cloog=/builddir/build/BUILD/gcc-4.8.5-20150702/obj-x86_64-redhat-linux/cloog-install --enable-gnu-indirect-function --with-tune=generic --with-arch_32=x86-64 --build=x86_64-redhat-linux
Thread model: posix
gcc version 4.8.5 20150623 (Red Hat 4.8.5-44) (GCC) 
configure:3255: $? = 0
configure:3244: gcc -V >&5
gcc: error: unrecognized command line option '-V'
gcc: fatal error: no input files
compilation terminated.
configure:3255: $? = 4
configure:3244: gcc -qversion >&5
gcc: error: unrecognized command line option '-qversion'
gcc: fatal error: no input files
compilation terminated.
configure:3255: $? = 4
configure:3275: checking whether the C compiler works
configure:3297: gcc    conftest.c  >&5
configure:3301: $? = 0
configure:3349: result: yes
configure:3352: checking for C compiler default output file name
configure:3354: result: a.out
configure:3360: checking for suffix of executables
configure:3367: gcc -o conftest    conftest.c  >&5
configure:3371: $? = 0
configure:3393: result: 
configure:3415: checking whether we are cross compiling
configure:3423: gcc -o conftest    conftest.c  >&5
configure:3427: $? = 0
configure:3434: ./conftest
configure:3438: $? = 0
configure:3453: result: no
configure:3458: checking for suffix of object files
configure:3480: gcc -c   conftest.c >&5
configure:3484: $? = 0
configure:3505: result: o
configure:3509: checking whether we are using the GNU C compiler
configure:3528: gcc -c   conftest.c >&5
configure:3528: $? = 0
configure:3537: result: yes
configure:3546: checking whether gcc accepts -g
configure:3566: gcc -c -g  conftest.c >&5
configure:3566: $? = 0
configure:3607: result: yes
configure:3624: checking for gcc option to accept ISO C89
configure:3687: gcc  -c -g -O2  conftest.c >&5
configure:3687: $? = 0
configure:3700: result: none needed
configure:3725: checking whether gcc understands -c and -o together
configure:3747: gcc -c conftest.c -o conftest2.o
configure:3750: $? = 0
configure:3747: gcc -c conftest.c -o conftest2.o
configure:3750: $? = 0
configure:3762: result: yes
configure:3790: checking for style of include used by make
configure:3818: result: GNU
configure:3844: checking dependency style of gcc
configure:3955: result: gcc3
configure:3976: checking how to run the C preprocessor
configure:4007: gcc -E  conftest.c
configure:4007: $? = 0
configure:4021: gcc -E  conftest.c
conftest.c:11:28: fatal error: ac_nonexistent.h: No such file or directory
 #include <ac_nonexistent.h>
                            ^
compilation terminated.
configure:4021: $? = 1
configure: failed program was:
| /* confdefs.h */
| #define PACKAGE_NAME "b64"
| #define PACKAGE_TARNAME "b64"
| #define PACKAGE_VERSION "1.0"
| #define PACKAGE_STRING "b64 1.0"
| #define PACKAGE_BUGREPORT "b64-bugs@example.com"
| #define PACKAGE_URL ""
| #define PACKAGE "b64"
| #define VERSION "1.0"
| /* end confdefs.h.  */
| #include <ac_nonexistent.h>
configure:4046: result: gcc -E
configure:4066: gcc -E  conftest.c
configure:4066: $? = 0
configure:4080: gcc -E  conftest.c
conftest.c:11:28: fatal error: ac_nonexistent.h: No such file or directory
 #include <ac_nonexistent.h>
                            ^
compilation terminated.
configure:4080: $? = 1
configure: failed program was:
| /* confdefs.h */
| #define PACKAGE_NAME "b64"
| #define PACKAGE_TARNAME "b64"
| #define PACKAGE_VERSION "1.0"
| #define PACKAGE_STRING "b64 1.0"
| #define PACKAGE_BUGREPORT "b64-bugs@example.com"
| #define PACKAGE_URL ""
| #define PACKAGE "b64"
| #define VERSION "1.0"
| /* end confdefs.h.  */
| #include <ac_nonexistent.h>
configure:4109: checking for grep that handles long lines and -e
configure:4167: result: /usr/bin/grep
configure:4172: checking for egrep
configure:4234: result: /usr/bin/grep -E
configure:4239: checking for ANSI C header files
configure:4259: gcc -c -g -O2  conftest.c >&5
configure:4259: $? = 0
configure:4332: gcc -o conftest -g -O2   conftest.c  >&5
configure:4332: $? = 0
configure:4332: ./conftest
configure:4332: $? = 0
configure:4343: result: yes
configure:4356: checking for sys/types.h
configure:4356: gcc -c -g -O2  conftest.c >&5
configure:4356: $? = 0
configure:4356: result: yes
configure:4356: checking for sys/stat.h
configure:4356: gcc -c -g -O2  conftest.c >&5
configure:4356: $? = 0
configure:4356: result: yes
configure:4356: checking for stdlib.h
configure:4356: gcc -c -g -O2  conftest.c >&5
configure:4356: $? = 0
configure:4356: result: yes
configure:4356: checking for string.h
configure:4356: gcc -c -g -O2  conftest.c >&5
configure:4356: $? = 0
configure:4356: result: yes
configure:4356: checking for memory.h
configure:4356: gcc -c -g -O2  conftest.c >&5
configure:4356: $? = 0
configure:4356: result: yes
configure:4356: checking for strings.h
configure:4356: gcc -c -g -O2  conftest.c >&5
configure:4356: $? = 0
configure:4356: result: yes
configure:4356: checking for inttypes.h
configure:4356: gcc -c -g -O2  conftest.c >&5
configure:4356: $? = 0
configure:4356: result: yes
configure:4356: checking for stdint.h
configure:4356: gcc -c -g -O2  conftest.c >&5
configure:4356: $? = 0
configure:4356: result: yes
configure:4356: checking for unistd.h
configure:4356: gcc -c -g -O2  conftest.c >&5
configure:4356: $? = 0
configure:4356: result: yes
configure:4369: checking minix/config.h usability
configure:4369: gcc -c -g -O2  conftest.c >&5
conftest.c:54:26: fatal error: minix/config.h: No such file or directory
 #include <minix/config.h>
                          ^
compilation terminated.
configure:4369: $? = 1
configure: failed program was:
| /* confdefs.h */
| #define PACKAGE_NAME "b64"
| #define PACKAGE_TARNAME "b64"
| #define PACKAGE_VERSION "1.0"
| #define PACKAGE_STRING "b64 1.0"
| #define PACKAGE_BUGREPORT "b64-bugs@example.com"
| #define PACKAGE_URL ""
| #define PACKAGE "b64"
| #define VERSION "1.0"
| #define STDC_HEADERS 1
| #define HAVE_SYS_TYPES_H 1
| #define HAVE_SYS_STAT_H 1
| #define HAVE_STDLIB_H 1
| #define HAVE_STRING_H 1
| #define HAVE_MEMORY_H 1
| #define HAVE_STRINGS_H 1
| #define HAVE_INTTYPES_H 1
| #define HAVE_STDINT_H 1
| #define HAVE_UNISTD_H 1
| /* end confdefs.h.  */
| #include <stdio.h>
| #ifdef HAVE_SYS_TYPES_H
| # include <sys/types.h>
| #endif
| #ifdef HAVE_SYS_STAT_H
| # include <sys/stat.h>
| #endif
| #ifdef STDC_HEADERS
| # include <stdlib.h>
| # include <stddef.h>
| #else
| # ifdef HAVE_STDLIB_H
| #  include <stdlib.h>
| # endif
| #endif
| #ifdef HAVE_STRING_H
| # if !defined STDC_HEADERS && defined HAVE_MEMORY_H
| #  include <memory.h>
| # endif
| # include <string.h>
| #endif
| #ifdef HAVE_STRINGS_H
| # include <strings.h>
| #endif
| #ifdef HAVE_INTTYPES_H
| # include <inttypes.h>
| #endif
| #ifdef HAVE_STDINT_H
| # include <stdint.h>
| #endif
| #ifdef HAVE_UNISTD_H
| # include <unistd.h>
| #endif
| #include <minix/config.h>
configure:4369: result: no
configure:4369: checking minix/config.h presence
configure:4369: gcc -E  conftest.c
conftest.c:21:26: fatal error: minix/config.h: No such file or directory
 #include <minix/config.h>
                          ^
compilation terminated.
configure:4369: $? = 1
configure: failed program was:
| /* confdefs.h */
| #define PACKAGE_NAME "b64"
| #define PACKAGE_TARNAME "b64"
| #define PACKAGE_VERSION "1.0"
| #define PACKAGE_STRING "b64 1.0"
| #define PACKAGE_BUGREPORT "b64-bugs@example.com"
| #define PACKAGE_URL ""
| #define PACKAGE "b64"
| #define VERSION "1.0"
| #define STDC_HEADERS 1
| #define HAVE_SYS_TYPES_H 1
| #define HAVE_SYS_STAT_H 1
| #define HAVE_STDLIB_H 1
| #define HAVE_STRING_H 1
| #define HAVE_MEMORY_H 1
| #define HAVE_STRINGS_H 1
| #define HAVE_INTTYPES_H 1
| #define HAVE_STDINT_H 1
| #define HAVE_UNISTD_H 1
| /* end confdefs.h.  */
| #include <minix/config.h>
configure:4369: result: no
configure:4369: checking for minix/config.h
configure:4369: result: no
configure:4393: checking whether it is safe to define __EXTENSIONS__
configure:4411: gcc -c -g -O2  conftest.c >&5
configure:4411: $? = 0
configure:4418: result: yes
configure:4451: checking whether _XOPEN_SOURCE should be defined
configure:4470: gcc -c -g -O2  conftest.c >&5
configure:4470: $? = 0
configure:4494: result: no
configure:4511: checking for Minix Amsterdam compiler
configure:4535: result: no
configure:4592: checking for ar
configure:4608: found /usr/bin/ar
configure:4619: result: ar
configure:4694: checking for ranlib
configure:4710: found /usr/bin/ranlib
configure:4721: result: ranlib
configure:4780: checking for C/C++ restrict keyword
configure:4807: gcc -c -g -O2  conftest.c >&5
configure:4807: $? = 0
configure:4815: result: __restrict
configure:4835: checking build system type
configure:4849: result: x86_64-unknown-linux-gnu
configure:4869: checking host system type
configure:4882: result: x86_64-unknown-linux-gnu
configure:4908: checking for sys/mman.h
configure:4908: gcc -c -g -O2  conftest.c >&5
configure:4908: $? = 0
configure:4908: result: yes
configure:4927: checking for mprotect
configure:4927: gcc -o conftest -g -O2   conftest.c  >&5
configure:4927: $? = 0
configure:4927: result: yes
configure:5023: checking for mmap
configure:5023: gcc -o conftest -g -O2   conftest.c  >&5
configure:5023: $? = 0
configure:5023: result: yes
configure:5034: checking for MAP_ANONYMOUS
configure:5071: result: yes
configure:5093: checking whether memchr works
configure:5162: gcc -o conftest -g -O2   conftest.c  >&5
configure:5162: $? = 0
configure:5162: ./conftest
configure:5162: $? = 0
configure:5173: result: yes
configure:5181: checking for stdbool.h that conforms to C99
configure:5256: gcc -c -g -O2  conftest.c >&5
configure:5256: $? = 0
configure:5263: result: yes
configure:5265: checking for _Bool
configure:5265: gcc -c -g -O2  conftest.c >&5
configure:5265: $? = 0
configure:5265: gcc -c -g -O2  conftest.c >&5
conftest.c: In function 'main':
conftest.c:77:20: error: expected expression before ')' token
 if (sizeof ((_Bool)))
                    ^
configure:5265: $? = 1
configure: failed program was:
| /* confdefs.h */
| #define PACKAGE_NAME "b64"
| #define PACKAGE_TARNAME "b64"
| #define PACKAGE_VERSION "1.0"
| #define PACKAGE_STRING "b64 1.0"
| #define PACKAGE_BUGREPORT "b64-bugs@example.com"
| #define PACKAGE_URL ""
| #define PACKAGE "b64"
| #define VERSION "1.0"
| #define STDC_HEADERS 1
| #define HAVE_SYS_TYPES_H 1
| #define HAVE_SYS_STAT_H 1
| #define HAVE_STDLIB_H 1
| #define HAVE_STRING_H 1
| #define HAVE_MEMORY_H 1
| #define HAVE_STRINGS_H 1
| #define HAVE_INTTYPES_H 1
| #define HAVE_STDINT_H 1
| #define HAVE_UNISTD_H 1
| #define __EXTENSIONS__ 1
| #define _ALL_SOURCE 1
| #define _DARWIN_C_SOURCE 1
| #define _GNU_SOURCE 1
| #define _NETBSD_SOURCE 1
| #define _OPENBSD_SOURCE 1
| #define _POSIX_PTHREAD_SEMANTICS 1
| #define __STDC_WANT_IEC_60559_ATTRIBS_EXT__ 1
| #define __STDC_WANT_IEC_60559_BFP_EXT__ 1
| #define __STDC_WANT_IEC_60559_DFP_EXT__ 1
| #define __STDC_WANT_IEC_60559_FUNCS_EXT__ 1
| #define __STDC_WANT_IEC_60559_TYPES_EXT__ 1
| #define __STDC_WANT_LIB_EXT2__ 1
| #define __STDC_WANT_MATH_SPEC_FUNCS__ 1
| #define _TANDEM_SOURCE 1
| #define _HPUX_ALT_XOPEN_SOCKET_API 1
| #define restrict __restrict
| #define HAVE_SYS_MMAN_H 1
| #define HAVE_MPROTECT 1
| #define HAVE_MAP_ANONYMOUS 1
| /* end confdefs.h.  */
| #include <stdio.h>
| #ifdef HAVE_SYS_TYPES_H
| # include <sys/types.h>
| #endif
| #ifdef HAVE_SYS_STAT_H
| # include <sys/stat.h>
| #endif
| #ifdef STDC_HEADERS
| # include <stdlib.h>
| # include <stddef.h>
| #else
| # ifdef HAVE_STDLIB_H
| #  include <stdlib.h>
| # endif
| #endif
| #ifdef HAVE_STRING_H
| # if !defined STDC_HEADERS && defined HAVE_MEMORY_H
| #  include <memory.h>
| # endif
| # include <string.h>
| #endif
| #ifdef HAVE_STRINGS_H
| # include <strings.h>
| #endif
| #ifdef HAVE_INTTYPES_H
| # include <inttypes.h>
| #endif
| #ifdef HAVE_STDINT_H
| # include <stdint.h>
| #endif
| #ifdef HAVE_UNISTD_H
| # include <unistd.h>
| #endif
| int
| main ()
| {
| if (sizeof ((_Bool)))
| 	    return 0;
|   ;
|   return 0;
| }
configure:5265: result: yes
configure:5282: checking for wchar_t
configure:5299: gcc -c -g -O2  conftest.c >&5
configure:5299: $? = 0
configure:5306: result: yes
configure:5316: checking whether the preprocessor supports include_next
configure:5354: gcc -c -g -O2  -Iconftestd1b -Iconftestd2 conftest.c >&5
configure:5354: $? = 0
configure:5375: result: yes
configure:5396: checking whether system header files limit the line length
configure:5419: result: no
configure:5506: checking whether ffsl is declared without a macro
configure:5524: gcc -c -g -O2  conftest.c >&5
configure:5524: $? = 0
configure:5532: result: yes
configure:5506: checking whether ffsll is declared without a macro
configure:5524: gcc -c -g -O2  conftest.c >&5
configure:5524: $? = 0
configure:5532: result: yes
configure:5506: checking whether memmem is declared without a macro
configure:5524: gcc -c -g -O2  conftest.c >&5
configure:5524: $? = 0
configure:5532: result: yes
configure:5506: checking whether mempcpy is declared without a macro
configure:5524: gcc -c -g -O2  conftest.c >&5
configure:5524: $? = 0
configure:5532: result: yes
configure:5506: checking whether memrchr is declared without a macro
configure:5524: gcc -c -g -O2  conftest.c >&5
configure:5524: $? = 0
configure:5532: result: yes
configure:5506: checking whether rawmemchr is declared without a macro
configure:5524: gcc -c -g -O2  conftest.c >&5
configure:5524: $? = 0
configure:5532: result: yes
configure:5506: checking whether stpcpy is declared without a macro
configure:5524: gcc -c -g -O2  conftest.c >&5
configure:5524: $? = 0
configure:5532: result: yes
configure:5506: checking whether stpncpy is declared without a macro
configure:5524: gcc -c -g -O2  conftest.c >&5
configure:5524: $? = 0
configure:5532: result: yes
configure:5506: checking whether strchrnul is declared without a macro
configure:5524: gcc -c -g -O2  conftest.c >&5
configure:5524: $? = 0
configure:5532: result: yes
configure:5506: checking whether strdup is declared without a macro
configure:5524: gcc -c -g -O2  conftest.c >&5
configure:5524: $? = 0
configure:5532: result: yes
configure:5506: checking whether strncat is declared without a macro
configure:5524: gcc -c -g -O2  conftest.c >&5
configure:5524: $? = 0
configure:5532: result: yes
configure:5506: checking whether strndup is declared without a macro
configure:5524: gcc -c -g -O2  conftest.c >&5
configure:5524: $? = 0
configure:5532: result: yes
configure:5506: checking whether strnlen is declared without a macro
configure:5524: gcc -c -g -O2  conftest.c >&5
configure:5524: $? = 0
configure:5532: result: yes
configure:5506: checking whether strpbrk is declared without a macro
configure:5524: gcc -c -g -O2  conftest.c >&5
configure:5524: $? = 0
configure:5532: result: yes
configure:5506: checking whether strsep is declared without a macro
configure:5524: gcc -c -g -O2  conftest.c >&5
configure:5524: $? = 0
configure:5532: result: yes
configure:5506: checking whether strcasestr is declared without a macro
configure:5524: gcc -c -g -O2  conftest.c >&5
configure:5524: $? = 0
configure:5532: result: yes
configure:5506: checking whether strtok_r is declared without a macro
configure:5524: gcc -c -g -O2  conftest.c >&5
configure:5524: $? = 0
configure:5532: result: yes
configure:5506: checking whether strerror_r is declared without a macro
configure:5524: gcc -c -g -O2  conftest.c >&5
configure:5524: $? = 0
configure:5532: result: yes
configure:5506: checking whether strsignal is declared without a macro
configure:5524: gcc -c -g -O2  conftest.c >&5
configure:5524: $? = 0
configure:5532: result: yes
configure:5506: checking whether strverscmp is declared without a macro
configure:5524: gcc -c -g -O2  conftest.c >&5
configure:5524: $? = 0
configure:5532: result: yes
configure:5646: checking for max_align_t
configure:5646: gcc -c -g -O2  conftest.c >&5
conftest.c: In function 'main':
conftest.c:70:13: error: 'max_align_t' undeclared (first use in this function)
 if (sizeof (max_align_t))
             ^
conftest.c:70:13: note: each undeclared identifier is reported only once for each function it appears in
configure:5646: $? = 1
configure: failed program was:
| /* confdefs.h */
| #define PACKAGE_NAME "b64"
| #define PACKAGE_TARNAME "b64"
| #define PACKAGE_VERSION "1.0"
| #define PACKAGE_STRING "b64 1.0"
| #define PACKAGE_BUGREPORT "b64-bugs@example.com"
| #define PACKAGE_URL ""
| #define PACKAGE "b64"
| #define VERSION "1.0"
| #define STDC_HEADERS 1
| #define HAVE_SYS_TYPES_H 1
| #define HAVE_SYS_STAT_H 1
| #define HAVE_STDLIB_H 1
| #define HAVE_STRING_H 1
| #define HAVE_MEMORY_H 1
| #define HAVE_STRINGS_H 1
| #define HAVE_INTTYPES_H 1
| #define HAVE_STDINT_H 1
| #define HAVE_UNISTD_H 1
| #define __EXTENSIONS__ 1
| #define _ALL_SOURCE 1
| #define _DARWIN_C_SOURCE 1
| #define _GNU_SOURCE 1
| #define _NETBSD_SOURCE 1
| #define _OPENBSD_SOURCE 1
| #define _POSIX_PTHREAD_SEMANTICS 1
| #define __STDC_WANT_IEC_60559_ATTRIBS_EXT__ 1
| #define __STDC_WANT_IEC_60559_BFP_EXT__ 1
| #define __STDC_WANT_IEC_60559_DFP_EXT__ 1
| #define __STDC_WANT_IEC_60559_FUNCS_EXT__ 1
| #define __STDC_WANT_IEC_60559_TYPES_EXT__ 1
| #define __STDC_WANT_LIB_EXT2__ 1
| #define __STDC_WANT_MATH_SPEC_FUNCS__ 1
| #define _TANDEM_SOURCE 1
| #define _HPUX_ALT_XOPEN_SOCKET_API 1
| #define restrict __restrict
| #define HAVE_SYS_MMAN_H 1
| #define HAVE_MPROTECT 1
| #define HAVE_MAP_ANONYMOUS 1
| #define HAVE__BOOL 1
| #define HAVE_WCHAR_T 1
| #define HAVE_RAW_DECL_FFSL 1
| #define HAVE_RAW_DECL_FFSLL 1
| #define HAVE_RAW_DECL_MEMMEM 1
| #define HAVE_RAW_DECL_MEMPCPY 1
| #define HAVE_RAW_DECL_MEMRCHR 1
| #define HAVE_RAW_DECL_RAWMEMCHR 1
| #define HAVE_RAW_DECL_STPCPY 1
| #define HAVE_RAW_DECL_STPNCPY 1
| #define HAVE_RAW_DECL_STRCHRNUL 1
| #define HAVE_RAW_DECL_STRDUP 1
| #define HAVE_RAW_DECL_STRNCAT 1
| #define HAVE_RAW_DECL_STRNDUP 1
| #define HAVE_RAW_DECL_STRNLEN 1
| #define HAVE_RAW_DECL_STRPBRK 1
| #define HAVE_RAW_DECL_STRSEP 1
| #define HAVE_RAW_DECL_STRCASESTR 1
| #define HAVE_RAW_DECL_STRTOK_R 1
| #define HAVE_RAW_DECL_STRERROR_R 1
| #define HAVE_RAW_DECL_STRSIGNAL 1
| #define HAVE_RAW_DECL_STRVERSCMP 1
| #define GNULIB_TEST_MEMCHR 1
| /* end confdefs.h.  */
| #include <stddef.h>
| 
| 
| int
| main ()
| {
| if (sizeof (max_align_t))
| 	 return 0;
|   ;
|   return 0;
| }
configure:5646: result: no
configure:5659: checking whether NULL can be used in arbitrary expressions
configure:5677: gcc -c -g -O2  conftest.c >&5
configure:5677: $? = 0
configure:5684: result: yes
configure:5932: checking that generated files are newer than configure
configure:5938: result: done
configure:6005: creating ./config.status

## ---------------------- ##
## Running config.status. ##
## ---------------------- ##

This file was extended by b64 config.status 1.0, which was
generated by GNU Autoconf 2.69.  Invocation command line was

  CONFIG_FILES    = 
  CONFIG_HEADERS  = 
  CONFIG_LINKS    = 
  CONFIG_COMMANDS = 
  $ ./config.status 

on centos7-mq1

config.status:1009: creating Makefile
config.status:1009: creating lib/Makefile
config.status:1009: creating config.h
config.status:1238: executing depfiles commands

## ---------------- ##
## Cache variables. ##
## ---------------- ##

ac_cv_build=x86_64-unknown-linux-gnu
ac_cv_c_compiler_gnu=yes
ac_cv_c_restrict=__restrict
ac_cv_env_CC_set=
ac_cv_env_CC_value=
ac_cv_env_CFLAGS_set=
ac_cv_env_CFLAGS_value=
ac_cv_env_CPPFLAGS_set=
ac_cv_env_CPPFLAGS_value=
ac_cv_env_CPP_set=
ac_cv_env_CPP_value=
ac_cv_env_LDFLAGS_set=
ac_cv_env_LDFLAGS_value=
ac_cv_env_LIBS_set=
ac_cv_env_LIBS_value=
ac_cv_env_build_alias_set=
ac_cv_env_build_alias_value=
ac_cv_env_host_alias_set=
ac_cv_env_host_alias_value=
ac_cv_env_target_alias_set=
ac_cv_env_target_alias_value=
ac_cv_func_mmap=yes
ac_cv_func_mprotect=yes
ac_cv_have_decl_ffsl=yes
ac_cv_have_decl_ffsll=yes
ac_cv_have_decl_memmem=yes
ac_cv_have_decl_mempcpy=yes
ac_cv_have_decl_memrchr=yes
ac_cv_have_decl_rawmemchr=yes
ac_cv_have_decl_stpcpy=yes
ac_cv_have_decl_stpncpy=yes
ac_cv_have_decl_strcasestr=yes
ac_cv_have_decl_strchrnul=yes
ac_cv_have_decl_strdup=yes
ac_cv_have_decl_strerror_r=yes
ac_cv_have_decl_strncat=yes
ac_cv_have_decl_strndup=yes
ac_cv_have_decl_strnlen=yes
ac_cv_have_decl_strpbrk=yes
ac_cv_have_decl_strsep=yes
ac_cv_have_decl_strsignal=yes
ac_cv_have_decl_strtok_r=yes
ac_cv_have_decl_strverscmp=yes
ac_cv_header_inttypes_h=yes
ac_cv_header_memory_h=yes
ac_cv_header_minix_config_h=no
ac_cv_header_stdbool_h=yes
ac_cv_header_stdc=yes
ac_cv_header_stdint_h=yes
ac_cv_header_stdlib_h=yes
ac_cv_header_string_h=yes
ac_cv_header_strings_h=yes
ac_cv_header_sys_mman_h=yes
ac_cv_header_sys_stat_h=yes
ac_cv_header_sys_types_h=yes
ac_cv_header_unistd_h=yes
ac_cv_host=x86_64-unknown-linux-gnu
ac_cv_objext=o
ac_cv_path_EGREP='/usr/bin/grep -E'
ac_cv_path_GREP=/usr/bin/grep
ac_cv_path_install='/usr/bin/install -c'
ac_cv_path_mkdir=/usr/bin/mkdir
ac_cv_prog_AWK=gawk
ac_cv_prog_CPP='gcc -E'
ac_cv_prog_ac_ct_AR=ar
ac_cv_prog_ac_ct_CC=gcc
ac_cv_prog_ac_ct_RANLIB=ranlib
ac_cv_prog_cc_c89=
ac_cv_prog_cc_g=yes
ac_cv_prog_make_make_set=yes
ac_cv_safe_to_define___extensions__=yes
ac_cv_should_define__xopen_source=no
ac_cv_type__Bool=yes
ac_cv_type_max_align_t=no
am_cv_CC_dependencies_compiler_type=gcc3
am_cv_make_support_nested_variables=yes
am_cv_prog_cc_c_o=yes
gl_cv_c_amsterdam_compiler=no
gl_cv_decl_null_works=yes
gl_cv_func_memchr_works=yes
gl_cv_have_include_next=yes
gl_cv_have_raw_decl_ffsl=yes
gl_cv_have_raw_decl_ffsll=yes
gl_cv_have_raw_decl_memmem=yes
gl_cv_have_raw_decl_mempcpy=yes
gl_cv_have_raw_decl_memrchr=yes
gl_cv_have_raw_decl_rawmemchr=yes
gl_cv_have_raw_decl_stpcpy=yes
gl_cv_have_raw_decl_stpncpy=yes
gl_cv_have_raw_decl_strcasestr=yes
gl_cv_have_raw_decl_strchrnul=yes
gl_cv_have_raw_decl_strdup=yes
gl_cv_have_raw_decl_strerror_r=yes
gl_cv_have_raw_decl_strncat=yes
gl_cv_have_raw_decl_strndup=yes
gl_cv_have_raw_decl_strnlen=yes
gl_cv_have_raw_decl_strpbrk=yes
gl_cv_have_raw_decl_strsep=yes
gl_cv_have_raw_decl_strsignal=yes
gl_cv_have_raw_decl_strtok_r=yes
gl_cv_have_raw_decl_strverscmp=yes
gl_cv_next_stddef_h='<stddef.h>'
gl_cv_next_string_h='<string.h>'
gl_cv_pragma_columns=no
gt_cv_c_wchar_t=yes

## ----------------- ##
## Output variables. ##
## ----------------- ##

ACLOCAL='${SHELL} /home/ericksun/programming/linux/autotool/MinGW2/b64/missing aclocal-1.14'
AMDEPBACKSLASH='\'
AMDEP_FALSE='#'
AMDEP_TRUE=''
AMTAR='$${TAR-tar}'
AM_BACKSLASH='\'
AM_DEFAULT_V='$(AM_DEFAULT_VERBOSITY)'
AM_DEFAULT_VERBOSITY='1'
AM_V='$(V)'
AR='ar'
ARFLAGS='cr'
AUTOCONF='${SHELL} /home/ericksun/programming/linux/autotool/MinGW2/b64/missing autoconf'
AUTOHEADER='${SHELL} /home/ericksun/programming/linux/autotool/MinGW2/b64/missing autoheader'
AUTOMAKE='${SHELL} /home/ericksun/programming/linux/autotool/MinGW2/b64/missing automake-1.14'
AWK='gawk'
CC='gcc'
CCDEPMODE='depmode=gcc3'
CFLAGS='-g -O2'
CPP='gcc -E'
CPPFLAGS=''
CYGPATH_W='echo'
DEFS='-DHAVE_CONFIG_H'
DEPDIR='.deps'
ECHO_C=''
ECHO_N='-n'
ECHO_T=''
EGREP='/usr/bin/grep -E'
EXEEXT=''
GL_COND_LIBTOOL_FALSE=''
GL_COND_LIBTOOL_TRUE='#'
GL_GENERATE_STDBOOL_H_FALSE=''
GL_GENERATE_STDBOOL_H_TRUE='#'
GL_GENERATE_STDDEF_H_FALSE='#'
GL_GENERATE_STDDEF_H_TRUE=''
GNULIB_EXPLICIT_BZERO='0'
GNULIB_FFSL='0'
GNULIB_FFSLL='0'
GNULIB_MBSCASECMP='0'
GNULIB_MBSCASESTR='0'
GNULIB_MBSCHR='0'
GNULIB_MBSCSPN='0'
GNULIB_MBSLEN='0'
GNULIB_MBSNCASECMP='0'
GNULIB_MBSNLEN='0'
GNULIB_MBSPBRK='0'
GNULIB_MBSPCASECMP='0'
GNULIB_MBSRCHR='0'
GNULIB_MBSSEP='0'
GNULIB_MBSSPN='0'
GNULIB_MBSSTR='0'
GNULIB_MBSTOK_R='0'
GNULIB_MEMCHR='1'
GNULIB_MEMMEM='0'
GNULIB_MEMPCPY='0'
GNULIB_MEMRCHR='0'
GNULIB_RAWMEMCHR='0'
GNULIB_STPCPY='0'
GNULIB_STPNCPY='0'
GNULIB_STRCASESTR='0'
GNULIB_STRCHRNUL='0'
GNULIB_STRDUP='0'
GNULIB_STRERROR='0'
GNULIB_STRERROR_R='0'
GNULIB_STRNCAT='0'
GNULIB_STRNDUP='0'
GNULIB_STRNLEN='0'
GNULIB_STRPBRK='0'
GNULIB_STRSEP='0'
GNULIB_STRSIGNAL='0'
GNULIB_STRSTR='0'
GNULIB_STRTOK_R='0'
GNULIB_STRVERSCMP='0'
GREP='/usr/bin/grep'
HAVE_DECL_MEMMEM='1'
HAVE_DECL_MEMRCHR='1'
HAVE_DECL_STRDUP='1'
HAVE_DECL_STRERROR_R='1'
HAVE_DECL_STRNDUP='1'
HAVE_DECL_STRNLEN='1'
HAVE_DECL_STRSIGNAL='1'
HAVE_DECL_STRTOK_R='1'
HAVE_EXPLICIT_BZERO='1'
HAVE_FFSL='1'
HAVE_FFSLL='1'
HAVE_MAX_ALIGN_T='0'
HAVE_MBSLEN='0'
HAVE_MEMCHR='1'
HAVE_MEMPCPY='1'
HAVE_RAWMEMCHR='1'
HAVE_STPCPY='1'
HAVE_STPNCPY='1'
HAVE_STRCASESTR='1'
HAVE_STRCHRNUL='1'
HAVE_STRPBRK='1'
HAVE_STRSEP='1'
HAVE_STRVERSCMP='1'
HAVE_WCHAR_T='1'
HAVE__BOOL='1'
INCLUDE_NEXT='include_next'
INCLUDE_NEXT_AS_FIRST_DIRECTIVE='include_next'
INSTALL_DATA='${INSTALL} -m 644'
INSTALL_PROGRAM='${INSTALL}'
INSTALL_SCRIPT='${INSTALL}'
INSTALL_STRIP_PROGRAM='$(install_sh) -c -s'
LDFLAGS=''
LIBGNU_LIBDEPS=''
LIBGNU_LTLIBDEPS=''
LIBOBJS=''
LIBS=''
LTLIBOBJS=''
MAKEINFO='${SHELL} /home/ericksun/programming/linux/autotool/MinGW2/b64/missing makeinfo'
MKDIR_P='/usr/bin/mkdir -p'
NEXT_AS_FIRST_DIRECTIVE_STDDEF_H='<stddef.h>'
NEXT_AS_FIRST_DIRECTIVE_STRING_H='<string.h>'
NEXT_STDDEF_H='<stddef.h>'
NEXT_STRING_H='<string.h>'
OBJEXT='o'
PACKAGE='b64'
PACKAGE_BUGREPORT='b64-bugs@example.com'
PACKAGE_NAME='b64'
PACKAGE_STRING='b64 1.0'
PACKAGE_TARNAME='b64'
PACKAGE_URL=''
PACKAGE_VERSION='1.0'
PATH_SEPARATOR=':'
PRAGMA_COLUMNS=''
PRAGMA_SYSTEM_HEADER='#pragma GCC system_header'
RANLIB='ranlib'
REPLACE_MEMCHR='0'
REPLACE_MEMMEM='0'
REPLACE_NULL='0'
REPLACE_STPNCPY='0'
REPLACE_STRCASESTR='0'
REPLACE_STRCHRNUL='0'
REPLACE_STRDUP='0'
REPLACE_STRERROR='0'
REPLACE_STRERROR_R='0'
REPLACE_STRNCAT='0'
REPLACE_STRNDUP='0'
REPLACE_STRNLEN='0'
REPLACE_STRSIGNAL='0'
REPLACE_STRSTR='0'
REPLACE_STRTOK_R='0'
SET_MAKE=''
SHELL='/bin/sh'
STDBOOL_H=''
STDDEF_H='stddef.h'
STRIP=''
UNDEFINE_STRTOK_R='0'
VERSION='1.0'
ac_ct_CC='gcc'
am__EXEEXT_FALSE=''
am__EXEEXT_TRUE='#'
am__fastdepCC_FALSE='#'
am__fastdepCC_TRUE=''
am__include='include'
am__isrc=''
am__leading_dot='.'
am__nodep='_no'
am__quote=''
am__tar='$${TAR-tar} chof - "$$tardir"'
am__untar='$${TAR-tar} xf -'
bindir='${exec_prefix}/bin'
build='x86_64-unknown-linux-gnu'
build_alias=''
build_cpu='x86_64'
build_os='linux-gnu'
build_vendor='unknown'
datadir='${datarootdir}'
datarootdir='${prefix}/share'
docdir='${datarootdir}/doc/${PACKAGE_TARNAME}'
dvidir='${docdir}'
exec_prefix='${prefix}'
gl_LIBOBJS=''
gl_LTLIBOBJS=''
gltests_LIBOBJS=''
gltests_LTLIBOBJS=''
gltests_WITNESS='IN_B64_GNULIB_TESTS'
host='x86_64-unknown-linux-gnu'
host_alias=''
host_cpu='x86_64'
host_os='linux-gnu'
host_vendor='unknown'
htmldir='${docdir}'
includedir='${prefix}/include'
infodir='${datarootdir}/info'
install_sh='${SHELL} /home/ericksun/programming/linux/autotool/MinGW2/b64/install-sh'
libdir='${exec_prefix}/lib'
libexecdir='${exec_prefix}/libexec'
localedir='${datarootdir}/locale'
localstatedir='${prefix}/var'
mandir='${datarootdir}/man'
mkdir_p='$(MKDIR_P)'
oldincludedir='/usr/include'
pdfdir='${docdir}'
prefix='/usr/local'
program_transform_name='s,x,x,'
psdir='${docdir}'
sbindir='${exec_prefix}/sbin'
sharedstatedir='${prefix}/com'
sysconfdir='${prefix}/etc'
target_alias=''

## ----------- ##
## confdefs.h. ##
## ----------- ##

/* confdefs.h */
#define PACKAGE_NAME "b64"
#define PACKAGE_TARNAME "b64"
#define PACKAGE_VERSION "1.0"
#define PACKAGE_STRING "b64 1.0"
#define PACKAGE_BUGREPORT "b64-bugs@example.com"
#define PACKAGE_URL ""
#define PACKAGE "b64"
#define VERSION "1.0"
#define STDC_HEADERS 1
#define HAVE_SYS_TYPES_H 1
#define HAVE_SYS_STAT_H 1
#define HAVE_STDLIB_H 1
#define HAVE_STRING_H 1
#define HAVE_MEMORY_H 1
#define HAVE_STRINGS_H 1
#define HAVE_INTTYPES_H 1
#define HAVE_STDINT_H 1
#define HAVE_UNISTD_H 1
#define __EXTENSIONS__ 1
#define _ALL_SOURCE 1
#define _DARWIN_C_SOURCE 1
#define _GNU_SOURCE 1
#define _NETBSD_SOURCE 1
#define _OPENBSD_SOURCE 1
#define _POSIX_PTHREAD_SEMANTICS 1
#define __STDC_WANT_IEC_60559_ATTRIBS_EXT__ 1
#define __STDC_WANT_IEC_60559_BFP_EXT__ 1
#define __STDC_WANT_IEC_60559_DFP_EXT__ 1
#define __STDC_WANT_IEC_60559_FUNCS_EXT__ 1
#define __STDC_WANT_IEC_60559_TYPES_EXT__ 1
#define __STDC_WANT_LIB_EXT2__ 1
#define __STDC_WANT_MATH_SPEC_FUNCS__ 1
#define _TANDEM_SOURCE 1
#define _HPUX_ALT_XOPEN_SOCKET_API 1
#define restrict __restrict
#define HAVE_SYS_MMAN_H 1
#define HAVE_MPROTECT 1
#define HAVE_MAP_ANONYMOUS 1
#define HAVE__BOOL 1
#define HAVE_WCHAR_T 1
#define HAVE_RAW_DECL_FFSL 1
#define HAVE_RAW_DECL_FFSLL 1
#define HAVE_RAW_DECL_MEMMEM 1
#define HAVE_RAW_DECL_MEMPCPY 1
#define HAVE_RAW_DECL_MEMRCHR 1
#define HAVE_RAW_DECL_RAWMEMCHR 1
#define HAVE_RAW_DECL_STPCPY 1
#define HAVE_RAW_DECL_STPNCPY 1
#define HAVE_RAW_DECL_STRCHRNUL 1
#define HAVE_RAW_DECL_STRDUP 1
#define HAVE_RAW_DECL_STRNCAT 1
#define HAVE_RAW_DECL_STRNDUP 1
#define HAVE_RAW_DECL_STRNLEN 1
#define HAVE_RAW_DECL_STRPBRK 1
#define HAVE_RAW_DECL_STRSEP 1
#define HAVE_RAW_DECL_STRCASESTR 1
#define HAVE_RAW_DECL_STRTOK_R 1
#define HAVE_RAW_DECL_STRERROR_R 1
#define HAVE_RAW_DECL_STRSIGNAL 1
#define HAVE_RAW_DECL_STRVERSCMP 1
#define GNULIB_TEST_MEMCHR 1

configure: exit 0
